<?xml version="1.0" encoding="UTF-8"?>
<!-- Generated by org.testng.reporters.JUnitReportReporter -->
<testsuite hostname="DESKTOP-A91OS38" failures="0" tests="2" name="com.automation.TestCases.LoginToWordPress" time="1.905" errors="1" timestamp="06 Jan 2021 05:03:30 GMT" skipped="1">
  <testcase classname="com.automation.TestCases.LoginToWordPress" name="login" time="0.000">
    <skipped/>
  </testcase> <!-- login -->
  <testcase classname="com.automation.TestCases.LoginToWordPress" name="setup" time="1.905">
    <error message="session not created: This version of ChromeDriver only supports Chrome version 85
Build info: version: &#039;3.141.59&#039;, revision: &#039;e82be7d358&#039;, time: &#039;2018-11-14T08:17:03&#039;
System info: host: &#039;DESKTOP-A91OS38&#039;, ip: &#039;10.0.0.15&#039;, os.name: &#039;Windows 10&#039;, os.arch: &#039;amd64&#039;, os.version: &#039;10.0&#039;, java.version: &#039;13.0.1&#039;
Driver info: driver.version: ChromeDriver
remote stacktrace: Backtrace:
	Ordinal0 [0x00D6D383+3134339]
	Ordinal0 [0x00C5A171+2007409]
	Ordinal0 [0x00AFAEE8+569064]
	Ordinal0 [0x00A8139F+70559]
	Ordinal0 [0x00A7CC63+52323]
	Ordinal0 [0x00AA0DFC+200188]
	Ordinal0 [0x00AA0C1D+199709]
	Ordinal0 [0x00A9EB0B+191243]
	Ordinal0 [0x00A82E77+77431]
	Ordinal0 [0x00A83E3E+81470]
	Ordinal0 [0x00A83DC9+81353]
	Ordinal0 [0x00C70CD9+2100441]
	GetHandleVerifier [0x00EDB75A+1396954]
	GetHandleVerifier [0x00EDB3D9+1396057]
	GetHandleVerifier [0x00EE7126+1444518]
	GetHandleVerifier [0x00EDBCE8+1398376]
	Ordinal0 [0x00C67F51+2064209]
	Ordinal0 [0x00C722EB+2106091]
	Ordinal0 [0x00C72411+2106385]
	Ordinal0 [0x00C849C4+2181572]
	BaseThreadInitThunk [0x75736359+25]
	RtlGetAppContainerNamedObjectPath [0x77B58944+228]
	RtlGetAppContainerNamedObjectPath [0x77B58914+180]
" type="org.openqa.selenium.SessionNotCreatedException">
      <![CDATA[org.openqa.selenium.SessionNotCreatedException: session not created: This version of ChromeDriver only supports Chrome version 85
Build info: version: '3.141.59', revision: 'e82be7d358', time: '2018-11-14T08:17:03'
System info: host: 'DESKTOP-A91OS38', ip: '10.0.0.15', os.name: 'Windows 10', os.arch: 'amd64', os.version: '10.0', java.version: '13.0.1'
Driver info: driver.version: ChromeDriver
remote stacktrace: Backtrace:
Ordinal0 [0x00D6D383+3134339]
Ordinal0 [0x00C5A171+2007409]
Ordinal0 [0x00AFAEE8+569064]
Ordinal0 [0x00A8139F+70559]
Ordinal0 [0x00A7CC63+52323]
Ordinal0 [0x00AA0DFC+200188]
Ordinal0 [0x00AA0C1D+199709]
Ordinal0 [0x00A9EB0B+191243]
Ordinal0 [0x00A82E77+77431]
Ordinal0 [0x00A83E3E+81470]
Ordinal0 [0x00A83DC9+81353]
Ordinal0 [0x00C70CD9+2100441]
GetHandleVerifier [0x00EDB75A+1396954]
GetHandleVerifier [0x00EDB3D9+1396057]
GetHandleVerifier [0x00EE7126+1444518]
GetHandleVerifier [0x00EDBCE8+1398376]
Ordinal0 [0x00C67F51+2064209]
Ordinal0 [0x00C722EB+2106091]
Ordinal0 [0x00C72411+2106385]
Ordinal0 [0x00C849C4+2181572]
BaseThreadInitThunk [0x75736359+25]
RtlGetAppContainerNamedObjectPath [0x77B58944+228]
RtlGetAppContainerNamedObjectPath [0x77B58914+180]

at java.base/jdk.internal.reflect.NativeConstructorAccessorImpl.newInstance0(Native Method)
at java.base/jdk.internal.reflect.NativeConstructorAccessorImpl.newInstance(NativeConstructorAccessorImpl.java:62)
at java.base/jdk.internal.reflect.DelegatingConstructorAccessorImpl.newInstance(DelegatingConstructorAccessorImpl.java:45)
at java.base/java.lang.reflect.Constructor.newInstanceWithCaller(Constructor.java:500)
at java.base/java.lang.reflect.Constructor.newInstance(Constructor.java:481)
at org.openqa.selenium.remote.W3CHandshakeResponse.lambda$errorHandler$0(W3CHandshakeResponse.java:62)
at org.openqa.selenium.remote.HandshakeResponse.lambda$getResponseFunction$0(HandshakeResponse.java:30)
at org.openqa.selenium.remote.ProtocolHandshake.lambda$createSession$0(ProtocolHandshake.java:126)
at java.base/java.util.stream.ReferencePipeline$3$1.accept(ReferencePipeline.java:195)
at java.base/java.util.Spliterators$ArraySpliterator.tryAdvance(Spliterators.java:958)
at java.base/java.util.stream.ReferencePipeline.forEachWithCancel(ReferencePipeline.java:127)
at java.base/java.util.stream.AbstractPipeline.copyIntoWithCancel(AbstractPipeline.java:502)
at java.base/java.util.stream.AbstractPipeline.copyInto(AbstractPipeline.java:488)
at java.base/java.util.stream.AbstractPipeline.wrapAndCopyInto(AbstractPipeline.java:474)
at java.base/java.util.stream.FindOps$FindOp.evaluateSequential(FindOps.java:150)
at java.base/java.util.stream.AbstractPipeline.evaluate(AbstractPipeline.java:234)
at java.base/java.util.stream.ReferencePipeline.findFirst(ReferencePipeline.java:543)
at org.openqa.selenium.remote.ProtocolHandshake.createSession(ProtocolHandshake.java:128)
at org.openqa.selenium.remote.ProtocolHandshake.createSession(ProtocolHandshake.java:74)
at org.openqa.selenium.remote.HttpCommandExecutor.execute(HttpCommandExecutor.java:136)
at org.openqa.selenium.remote.service.DriverCommandExecutor.execute(DriverCommandExecutor.java:83)
at org.openqa.selenium.remote.RemoteWebDriver.execute(RemoteWebDriver.java:552)
at org.openqa.selenium.remote.RemoteWebDriver.startSession(RemoteWebDriver.java:213)
at org.openqa.selenium.remote.RemoteWebDriver.<init>(RemoteWebDriver.java:131)
at org.openqa.selenium.chrome.ChromeDriver.<init>(ChromeDriver.java:181)
at org.openqa.selenium.chrome.ChromeDriver.<init>(ChromeDriver.java:168)
at org.openqa.selenium.chrome.ChromeDriver.<init>(ChromeDriver.java:123)
at com.automation.Utility.BrowserFactory.StartApplication(BrowserFactory.java:15)
at com.automation.Pages.BaseClass.setup(BaseClass.java:16)
at java.base/jdk.internal.reflect.NativeMethodAccessorImpl.invoke0(Native Method)
at java.base/jdk.internal.reflect.NativeMethodAccessorImpl.invoke(NativeMethodAccessorImpl.java:62)
at java.base/jdk.internal.reflect.DelegatingMethodAccessorImpl.invoke(DelegatingMethodAccessorImpl.java:43)
at java.base/java.lang.reflect.Method.invoke(Method.java:567)
at org.testng.internal.MethodInvocationHelper.invokeMethod(MethodInvocationHelper.java:124)
at org.testng.internal.MethodInvocationHelper.invokeMethodConsideringTimeout(MethodInvocationHelper.java:59)
at org.testng.internal.Invoker.invokeConfigurationMethod(Invoker.java:458)
at org.testng.internal.Invoker.invokeConfigurations(Invoker.java:222)
at org.testng.internal.Invoker.invokeConfigurations(Invoker.java:142)
at org.testng.internal.TestMethodWorker.invokeBeforeClassMethods(TestMethodWorker.java:168)
at org.testng.internal.TestMethodWorker.run(TestMethodWorker.java:105)
at org.testng.TestRunner.privateRun(TestRunner.java:648)
at org.testng.TestRunner.run(TestRunner.java:505)
at org.testng.SuiteRunner.runTest(SuiteRunner.java:455)
at org.testng.SuiteRunner.runSequentially(SuiteRunner.java:450)
at org.testng.SuiteRunner.privateRun(SuiteRunner.java:415)
at org.testng.SuiteRunner.run(SuiteRunner.java:364)
at org.testng.SuiteRunnerWorker.runSuite(SuiteRunnerWorker.java:52)
at org.testng.SuiteRunnerWorker.run(SuiteRunnerWorker.java:84)
at org.testng.TestNG.runSuitesSequentially(TestNG.java:1208)
at org.testng.TestNG.runSuitesLocally(TestNG.java:1137)
at org.testng.TestNG.runSuites(TestNG.java:1049)
at org.testng.TestNG.run(TestNG.java:1017)
at org.testng.remote.AbstractRemoteTestNG.run(AbstractRemoteTestNG.java:115)
at org.testng.remote.RemoteTestNG.initAndRun(RemoteTestNG.java:251)
at org.testng.remote.RemoteTestNG.main(RemoteTestNG.java:77)
]]>
    </error>
  </testcase> <!-- setup -->
</testsuite> <!-- com.automation.TestCases.LoginToWordPress -->
